\BOOKMARK [0][-]{chapter*.2}{\376\377\000A\000b\000s\000t\000r\000a\000c\000t}{}% 1
\BOOKMARK [0][-]{section*.3}{\376\377\000G\000l\000o\000s\000s\000a\000r\000y}{}% 2
\BOOKMARK [0][-]{chapter*.5}{\376\377\000L\000i\000s\000t\000\040\000o\000f\000\040\000F\000i\000g\000u\000r\000e\000s}{}% 3
\BOOKMARK [0][-]{chapter*.6}{\376\377\000L\000i\000s\000t\000e\000\040\000d\000e\000s\000\040\000a\000n\000n\000e\000x\000e\000s}{}% 4
\BOOKMARK [0][-]{chapter*.7}{\376\377\000I\000n\000t\000r\000o\000d\000u\000c\000t\000i\000o\000n}{}% 5
\BOOKMARK [0][-]{chapter.1}{\376\377\000C\000h\000a\000p\000t\000e\000r\000\040\0001\000\040\000:\000\040\000S\000t\000a\000t\000e\000\040\000o\000f\000\040\000t\000h\000e\000\040\000a\000r\000t}{}% 6
\BOOKMARK [1][-]{section.1.1}{\376\377\000S\000p\000i\000r\000e\000n\000t}{chapter.1}% 7
\BOOKMARK [1][-]{section.1.2}{\376\377\000R\000o\000h\000d\000e\000\040\000n\000\040\000S\000c\000h\000w\000a\000r\000z}{chapter.1}% 8
\BOOKMARK [0][-]{chapter.2}{\376\377\000C\000h\000a\000p\000t\000e\000r\000\040\0002\000\040\000:\000\040\000T\000e\000c\000h\000n\000i\000c\000a\000l\000\040\000C\000o\000n\000c\000e\000p\000t\000s}{}% 9
\BOOKMARK [1][-]{section.2.1}{\376\377\000G\000N\000S\000S}{chapter.2}% 10
\BOOKMARK [1][-]{section.2.2}{\376\377\000R\000a\000d\000i\000o\000\040\000F\000r\000e\000q\000u\000e\000n\000c\000i\000e\000s}{chapter.2}% 11
\BOOKMARK [2][-]{subsection.2.2.1}{\376\377\000M\000o\000d\000u\000l\000a\000t\000i\000o\000n}{section.2.2}% 12
\BOOKMARK [2][-]{subsection.2.2.2}{\376\377\000C\000h\000a\000n\000n\000e\000l\000\040\000a\000c\000c\000e\000s\000s\000\040\000m\000e\000t\000h\000o\000d\000s}{section.2.2}% 13
\BOOKMARK [1][-]{section.2.3}{\376\377\000T\000r\000i\000l\000a\000t\000e\000r\000a\000t\000i\000o\000n}{chapter.2}% 14
\BOOKMARK [1][-]{section.2.4}{\376\377\000S\000o\000f\000t\000w\000a\000r\000e\000\040\000D\000e\000f\000i\000n\000e\000d\000\040\000R\000a\000d\000i\000o}{chapter.2}% 15
\BOOKMARK [0][-]{chapter.3}{\376\377\000C\000h\000a\000p\000t\000e\000r\000\040\0003\000\040\000:\000\040\000G\000P\000S\000\040\000O\000v\000e\000r\000v\000i\000e\000w}{}% 16
\BOOKMARK [1][-]{section.3.1}{\376\377\000B\000r\000i\000e\000f\000\040\000h\000i\000s\000t\000o\000r\000y}{chapter.3}% 17
\BOOKMARK [1][-]{section.3.2}{\376\377\000S\000y\000s\000t\000e\000m\000\040\000a\000r\000c\000h\000i\000t\000e\000c\000t\000u\000r\000e}{chapter.3}% 18
\BOOKMARK [2][-]{subsection.3.2.1}{\376\377\000U\000s\000e\000r\000\040\000s\000e\000g\000m\000e\000n\000t}{section.3.2}% 19
\BOOKMARK [2][-]{subsection.3.2.2}{\376\377\000C\000o\000n\000t\000r\000o\000l\000\040\000s\000e\000g\000m\000e\000n\000t}{section.3.2}% 20
\BOOKMARK [2][-]{subsection.3.2.3}{\376\377\000S\000p\000a\000c\000e\000\040\000s\000e\000g\000m\000e\000n\000t}{section.3.2}% 21
\BOOKMARK [1][-]{section.3.3}{\376\377\000B\000a\000s\000i\000c\000\040\000G\000P\000S\000\040\000p\000r\000i\000n\000c\000i\000p\000l\000e}{chapter.3}% 22
\BOOKMARK [1][-]{section.3.4}{\376\377\000S\000a\000t\000e\000l\000l\000i\000t\000e\000\040\000h\000a\000r\000d\000w\000a\000r\000e}{chapter.3}% 23
\BOOKMARK [1][-]{section.3.5}{\376\377\000S\000i\000g\000n\000a\000l\000s\000\040\000a\000n\000d\000\040\000f\000r\000e\000q\000u\000e\000n\000c\000i\000e\000s}{chapter.3}% 24
\BOOKMARK [2][-]{subsection.3.5.1}{\376\377\000F\000r\000e\000q\000u\000e\000n\000c\000y\000\040\000b\000a\000n\000d\000s}{section.3.5}% 25
\BOOKMARK [2][-]{subsection.3.5.2}{\376\377\000L\0001\000\040\000C\000o\000d\000e\000s}{section.3.5}% 26
\BOOKMARK [2][-]{subsection.3.5.3}{\376\377\000L\0002\000\040\000C\000o\000d\000e\000s}{section.3.5}% 27
\BOOKMARK [2][-]{subsection.3.5.4}{\376\377\000L\0005\000\040\000C\000o\000d\000e\000s}{section.3.5}% 28
\BOOKMARK [1][-]{section.3.6}{\376\377\000P\000R\000N\000\040\000c\000o\000d\000e\000\040\000g\000e\000n\000e\000r\000a\000t\000i\000o\000n}{chapter.3}% 29
\BOOKMARK [0][-]{chapter.4}{\376\377\000C\000h\000a\000p\000t\000e\000r\000\040\0004\000\040\000:\000\040\000G\000P\000S\000\040\000C\000h\000a\000r\000a\000c\000t\000e\000r\000i\000s\000t\000i\000c\000s}{}% 30
\BOOKMARK [1][-]{section.4.1}{\376\377\000E\000n\000v\000i\000r\000o\000n\000m\000e\000n\000t\000a\000l\000\040\000l\000i\000m\000i\000t\000a\000t\000i\000o\000n\000s}{chapter.4}% 31
\BOOKMARK [2][-]{subsection.4.1.1}{\376\377\000A\000t\000m\000o\000s\000p\000h\000e\000r\000i\000c\000\040\000e\000f\000f\000e\000c\000t\000s}{section.4.1}% 32
\BOOKMARK [2][-]{subsection.4.1.2}{\376\377\000M\000u\000l\000t\000i\000p\000a\000t\000h}{section.4.1}% 33
\BOOKMARK [2][-]{subsection.4.1.3}{\376\377\000E\000p\000h\000e\000m\000e\000r\000i\000s\000\040\000e\000r\000r\000o\000r}{section.4.1}% 34
\BOOKMARK [2][-]{subsection.4.1.4}{\376\377\000S\000a\000t\000e\000l\000l\000i\000t\000e\000\040\000c\000l\000o\000c\000k\000\040\000d\000r\000i\000f\000t}{section.4.1}% 35
\BOOKMARK [1][-]{section.4.2}{\376\377\000A\000u\000g\000m\000e\000n\000t\000a\000t\000i\000o\000n\000\040\000s\000y\000s\000t\000e\000m\000s}{chapter.4}% 36
\BOOKMARK [2][-]{subsection.4.2.1}{\376\377\000D\000i\000f\000f\000e\000r\000e\000n\000t\000i\000a\000l\000\040\000G\000P\000S}{section.4.2}% 37
\BOOKMARK [2][-]{subsection.4.2.2}{\376\377\000R\000T\000K}{section.4.2}% 38
\BOOKMARK [2][-]{subsection.4.2.3}{\376\377\000S\000B\000A\000S}{section.4.2}% 39
\BOOKMARK [0][-]{chapter.5}{\376\377\000C\000h\000a\000p\000t\000e\000r\000\040\0005\000\040\000:\000\040\000H\000o\000w\000\040\000G\000P\000S\000\040\000C\000o\000a\000r\000s\000e\000\040\000A\000c\000q\000u\000i\000s\000i\000t\000i\000o\000n\000\040\000W\000o\000r\000k\000s}{}% 40
\BOOKMARK [1][-]{section.5.1}{\376\377\000D\000a\000t\000a\000\040\000M\000o\000d\000u\000l\000a\000t\000i\000o\000n}{chapter.5}% 41
\BOOKMARK [1][-]{section.5.2}{\376\377\000C\000o\000d\000e\000\040\000C\000o\000r\000r\000e\000l\000a\000t\000i\000o\000n}{chapter.5}% 42
\BOOKMARK [1][-]{section.5.3}{\376\377\000F\000r\000a\000m\000e\000\040\000d\000a\000t\000a}{chapter.5}% 43
\BOOKMARK [1][-]{section.5.4}{\376\377\000T\000i\000m\000e\000\040\000a\000n\000d\000\040\000d\000i\000s\000t\000a\000n\000c\000e\000\040\000c\000a\000l\000c\000u\000l\000a\000t\000i\000o\000n}{chapter.5}% 44
\BOOKMARK [0][-]{chapter.6}{\376\377\000C\000h\000a\000p\000t\000e\000r\000\040\0006\000\040\000:\000\040\000E\000x\000p\000e\000r\000i\000m\000e\000n\000t\000a\000t\000i\000o\000n\000s}{}% 45
\BOOKMARK [1][-]{section.6.1}{\376\377\000E\000q\000u\000i\000p\000e\000m\000e\000n\000t\000\040\000u\000s\000e\000d}{chapter.6}% 46
\BOOKMARK [2][-]{subsection.6.1.1}{\376\377\000U\000S\000R\000P\000\040\000B\0002\0000\0000\000\040\000S\000D\000R}{section.6.1}% 47
\BOOKMARK [2][-]{subsection.6.1.2}{\376\377\000U\000B\000L\000O\000X\000\040\000M\000a\000x\000-\000M\0001\0000\000s\000\040\000-\000\040\000C\000o\000m\000m\000e\000r\000c\000i\000a\000l\000\040\000G\000P\000S\000\040\000r\000e\000c\000e\000i\000v\000e\000r}{section.6.1}% 48
\BOOKMARK [2][-]{subsection.6.1.3}{\376\377\000A\000n\000t\000e\000n\000n\000a\000s}{section.6.1}% 49
\BOOKMARK [1][-]{section.6.2}{\376\377\000S\000o\000f\000t\000w\000a\000r\000e\000s\000\040\000u\000s\000e\000d}{chapter.6}% 50
\BOOKMARK [1][-]{section.6.3}{\376\377\000R\000e\000c\000e\000i\000v\000i\000n\000g\000\040\000p\000o\000s\000i\000t\000i\000o\000n\000\040\000w\000i\000t\000h\000\040\000S\000D\000R\000\040\000a\000s\000\040\000r\000e\000c\000e\000i\000v\000e\000r}{chapter.6}% 51
\BOOKMARK [2][-]{subsection.6.3.1}{\376\377\000P\000o\000s\000i\000t\000i\000o\000n\000\040\000f\000i\000x\000\040\000w\000i\000t\000h\000\040\000r\000a\000w\000\040\000d\000a\000t\000a}{section.6.3}% 52
\BOOKMARK [2][-]{subsection.6.3.2}{\376\377\000P\000o\000s\000i\000t\000i\000o\000n\000\040\000f\000i\000x\000\040\000w\000i\000t\000h\000\040\000s\000d\000r\000\040\000a\000s\000\040\000d\000i\000r\000e\000c\000t\000\040\000f\000r\000o\000n\000t\000\040\000e\000n\000d}{section.6.3}% 53
\BOOKMARK [1][-]{section.6.4}{\376\377\000R\000e\000c\000e\000i\000v\000i\000n\000g\000\040\000p\000o\000s\000i\000t\000i\000o\000n\000\040\000w\000i\000t\000h\000\040\000c\000o\000m\000m\000e\000r\000c\000i\000a\000l\000\040\000G\000P\000S\000\040\000r\000e\000c\000e\000i\000v\000e\000r}{chapter.6}% 54
\BOOKMARK [2][-]{subsection.6.4.1}{\376\377\000N\000M\000E\000A\000\040\000d\000a\000t\000a\000\040\000f\000o\000r\000m\000a\000t}{section.6.4}% 55
\BOOKMARK [1][-]{section.6.5}{\376\377\000S\000p\000o\000o\000f\000i\000n\000g\000\040\000G\000P\000S\000\040\000p\000o\000s\000i\000t\000i\000o\000n}{chapter.6}% 56
\BOOKMARK [2][-]{subsection.6.5.1}{\376\377\000B\000a\000t\000t\000e\000r\000y\000\040\000i\000s\000s\000u\000e}{section.6.5}% 57
\BOOKMARK [2][-]{subsection.6.5.2}{\376\377\000S\000p\000o\000o\000f\000i\000n\000g\000\040\000p\000o\000s\000i\000t\000i\000o\000n}{section.6.5}% 58
\BOOKMARK [0][-]{chapter*.47}{\376\377\000C\000o\000n\000c\000l\000u\000s\000i\000o\000n}{}% 59
\BOOKMARK [0][-]{chapter*.47}{\376\377\000a\000p\000p\000e\000n\000d\000i\000x\000s}{}% 60
\BOOKMARK [0][-]{chapter*.49}{\376\377\000a\000p\000p\000e\000n\000d\000i\000x\000\040\0001}{}% 61
\BOOKMARK [0][-]{chapter*.50}{\376\377\000a\000p\000p\000e\000n\000d\000i\000x\000\040\0002}{}% 62
\BOOKMARK [0][-]{chapter*.51}{\376\377\000a\000p\000p\000e\000n\000d\000i\000x\000\040\0003}{}% 63
\BOOKMARK [0][-]{chapter*.52}{\376\377\000B\000i\000b\000l\000i\000o\000g\000r\000a\000p\000h\000y}{}% 64
